2025-08-12 10:44:16,228 ERROR scheduler Skipped queueing frappe.core.doctype.user_invitation.user_invitation.mark_expired_invitations because it was found in queue for site.localhost
2025-08-12 10:44:16,333 ERROR scheduler Skipped queueing frappe.website.doctype.personal_data_deletion_request.personal_data_deletion_request.process_data_deletion_request because it was found in queue for site.localhost
2025-08-12 10:44:16,346 ERROR scheduler Skipped queueing frappe.sessions.clear_expired_sessions because it was found in queue for site.localhost
2025-08-12 10:44:16,357 ERROR scheduler Skipped queueing frappe.twofactor.delete_all_barcodes_for_users because it was found in queue for site.localhost
2025-08-12 10:44:16,367 ERROR scheduler Skipped queueing frappe.desk.page.backups.backups.delete_downloadable_backups because it was found in queue for site.localhost
2025-08-12 10:44:16,385 ERROR scheduler Skipped queueing frappe.desk.notifications.clear_notifications because it was found in queue for site.localhost
2025-08-12 10:44:16,395 ERROR scheduler Skipped queueing frappe.desk.form.document_follow.send_hourly_updates because it was found in queue for site.localhost
2025-08-12 10:44:16,407 ERROR scheduler Skipped queueing frappe.model.utils.user_settings.sync_user_settings because it was found in queue for site.localhost
2025-08-12 10:44:16,418 ERROR scheduler Skipped queueing frappe.core.doctype.prepared_report.prepared_report.expire_stalled_report because it was found in queue for site.localhost
2025-08-12 10:44:16,430 ERROR scheduler Skipped queueing frappe.website.doctype.web_page.web_page.check_publish_status because it was found in queue for site.localhost
2025-08-12 10:44:16,443 ERROR scheduler Skipped queueing frappe.core.doctype.log_settings.log_settings.run_log_clean_up because it was found in queue for site.localhost
2025-08-12 11:04:16,891 ERROR scheduler Skipped queueing frappe.desk.form.document_follow.send_hourly_updates because it was found in queue for site.localhost
2025-08-12 12:04:22,596 ERROR scheduler Skipped queueing frappe.desk.page.backups.backups.delete_downloadable_backups because it was found in queue for site.localhost
2025-08-12 12:04:22,683 ERROR scheduler Skipped queueing frappe.core.doctype.prepared_report.prepared_report.expire_stalled_report because it was found in queue for site.localhost
2025-08-12 20:48:14,489 ERROR scheduler Skipped queueing frappe.website.doctype.personal_data_deletion_request.personal_data_deletion_request.process_data_deletion_request because it was found in queue for site.localhost
2025-08-12 20:48:14,503 ERROR scheduler Skipped queueing frappe.twofactor.delete_all_barcodes_for_users because it was found in queue for site.localhost
2025-08-12 20:48:14,513 ERROR scheduler Skipped queueing frappe.core.doctype.prepared_report.prepared_report.expire_stalled_report because it was found in queue for site.localhost
2025-08-12 20:48:14,541 ERROR scheduler Skipped queueing frappe.oauth.delete_oauth2_data because it was found in queue for site.localhost
2025-08-12 20:48:14,573 ERROR scheduler Skipped queueing frappe.model.utils.user_settings.sync_user_settings because it was found in queue for site.localhost
2025-08-12 20:48:14,604 ERROR scheduler Skipped queueing frappe.desk.form.document_follow.send_hourly_updates because it was found in queue for site.localhost
2025-08-12 20:48:14,617 ERROR scheduler Skipped queueing frappe.desk.page.backups.backups.delete_downloadable_backups because it was found in queue for site.localhost
2025-08-12 22:04:17,963 ERROR scheduler Skipped queueing frappe.website.doctype.personal_data_deletion_request.personal_data_deletion_request.process_data_deletion_request because it was found in queue for site.localhost
2025-08-12 23:04:00,393 ERROR scheduler Skipped queueing frappe.website.doctype.personal_data_deletion_request.personal_data_deletion_request.process_data_deletion_request because it was found in queue for site.localhost
2025-08-12 23:04:00,409 ERROR scheduler Skipped queueing frappe.desk.page.backups.backups.delete_downloadable_backups because it was found in queue for site.localhost
